Calling target program-options parser
[10:43:52.227] [bmv2] [D] [thread 7350] Set default default entry for table 'MyIngress.phy_forward': MyIngress.drop - 
Adding interface ens39 as port 1
[10:43:52.227] [bmv2] [D] [thread 7350] Adding interface ens39 as port 1
Adding interface ens38 as port 2
[10:43:52.267] [bmv2] [D] [thread 7350] Adding interface ens38 as port 2
Adding interface ens40 as port 3
[10:43:52.303] [bmv2] [D] [thread 7350] Adding interface ens40 as port 3
[10:43:52.346] [bmv2] [I] [thread 7350] Starting Thrift server on port 9090
[10:43:52.347] [bmv2] [I] [thread 7350] Thrift server was started
[10:43:57.582] [bmv2] [T] [thread 7365] bm_get_config
[10:43:57.584] [bmv2] [T] [thread 7365] bm_table_add_entry
[10:43:57.584] [bmv2] [D] [thread 7365] Entry 0 added to table 'MyIngress.phy_forward'
[10:43:57.584] [bmv2] [D] [thread 7365] Dumping entry 0
Match key:
* standard_metadata.ingress_port: EXACT     0001
Action entry: MyIngress.forward - 2,

[10:43:57.585] [bmv2] [T] [thread 7365] bm_table_add_entry
[10:43:57.585] [bmv2] [E] [thread 7365] Error when trying to add entry to table 'MyIngress.phy_forward'
[10:43:57.585] [bmv2] [T] [thread 7365] bm_table_add_entry
[10:43:57.586] [bmv2] [D] [thread 7365] Entry 1 added to table 'MyIngress.phy_forward'
[10:43:57.586] [bmv2] [D] [thread 7365] Dumping entry 1
Match key:
* standard_metadata.ingress_port: EXACT     0002
Action entry: MyIngress.forward - 1,

[10:43:57.627] [bmv2] [T] [thread 7367] bm_get_config
